time="2023-01-12T19:47:19+03:00" level=error msg=EOF Correlation-ID="<nil>"
time="2023-01-12T19:51:40+03:00" level=error msg="invalid character ']' looking for beginning of value" Correlation-ID="<nil>"
time="2023-01-12T19:55:57+03:00" level=error msg="invalid character ':' after array element" Correlation-ID="<nil>"
time="2023-01-12T19:58:13+03:00" level=info msg="successfully unmarshal user input" Correlation-ID="<nil>"
time="2023-01-12T19:58:13+03:00" level=info msg="insert data in database complete" Correlation-ID="<nil>"
time="2023-01-12T19:58:13+03:00" level=info msg="retirieving _id from InsertedID field complete" Correlation-ID="<nil>"
time="2023-01-12T19:58:13+03:00" level=info msg="poll created" Correlation-ID="<nil>"
time="2023-01-12T19:58:13+03:00" level=info msg="get poll id" Correlation-ID="<nil>"
time="2023-01-12T19:58:13+03:00" level=error msg="mongo: no documents in result" Correlation-ID="<nil>"
time="2023-01-12T19:58:13+03:00" level=error msg="mongo: no documents in result" Correlation-ID="<nil>"
time="2023-01-12T21:38:51+03:00" level=info msg="successfully unmarshal user input" Correlation-ID="<nil>"
time="2023-01-12T21:38:51+03:00" level=info msg="insert data in database complete" Correlation-ID="<nil>"
time="2023-01-12T21:38:51+03:00" level=info msg="retirieving _id from InsertedID field complete" Correlation-ID="<nil>"
time="2023-01-12T21:38:51+03:00" level=debug msg="created poll with id:ObjectID(\"63c053bb5fa09b14efe046d9\")" Correlation-ID="<nil>"
time="2023-01-12T21:38:51+03:00" level=info msg="get poll id" Correlation-ID="<nil>"
time="2023-01-12T21:38:51+03:00" level=error msg="mongo: no documents in result" Correlation-ID="<nil>"
time="2023-01-12T21:38:51+03:00" level=error msg="mongo: no documents in result" Correlation-ID="<nil>"
time="2023-01-12T21:41:03+03:00" level=info msg="successfully unmarshal user input" Correlation-ID="<nil>"
time="2023-01-12T21:41:03+03:00" level=info msg="insert data in database complete" Correlation-ID="<nil>"
time="2023-01-12T21:41:03+03:00" level=info msg="retirieving _id from InsertedID field complete" Correlation-ID="<nil>"
time="2023-01-12T21:41:03+03:00" level=debug msg="created poll with id:63c0543f95424f029d4404a2" Correlation-ID="<nil>"
time="2023-01-12T21:41:03+03:00" level=info msg="get poll id" Correlation-ID="<nil>"
time="2023-01-12T21:41:03+03:00" level=error msg="mongo: no documents in result" Correlation-ID="<nil>"
time="2023-01-12T21:41:03+03:00" level=error msg="mongo: no documents in result" Correlation-ID="<nil>"
time="2023-01-12T21:42:21+03:00" level=error msg="mongo: no documents in result" Correlation-ID="<nil>"
time="2023-01-12T21:42:21+03:00" level=error msg="mongo: no documents in result" Correlation-ID="<nil>"
time="2023-01-12T21:55:36+03:00" level=info msg="successfully unmarshal user input" Correlation-ID="<nil>"
time="2023-01-12T21:55:36+03:00" level=info msg="insert data in database complete" Correlation-ID="<nil>"
time="2023-01-12T21:55:36+03:00" level=info msg="retirieving _id from InsertedID field complete" Correlation-ID="<nil>"
time="2023-01-12T21:55:36+03:00" level=debug msg="created poll with id:63c057a8cdecb940612bc347" Correlation-ID="<nil>"
time="2023-01-12T21:55:36+03:00" level=info msg="get poll from DB" Correlation-ID="<nil>"
time="2023-01-12T21:55:36+03:00" level=debug msg="start request to db" Correlation-ID="<nil>"
time="2023-01-12T21:55:36+03:00" level=error msg="mongo: no documents in result" Correlation-ID="<nil>"
time="2023-01-12T21:55:36+03:00" level=error msg="mongo: no documents in result" Correlation-ID="<nil>"
time="2023-01-12T21:55:36+03:00" level=error msg="mongo: no documents in result" Correlation-ID="<nil>"
time="2023-01-12T22:00:52+03:00" level=info msg="successfully unmarshal user input" Correlation-ID="<nil>"
time="2023-01-12T22:00:52+03:00" level=info msg="insert data in database complete" Correlation-ID="<nil>"
time="2023-01-12T22:00:52+03:00" level=info msg="retirieving _id from InsertedID field complete" Correlation-ID="<nil>"
time="2023-01-12T22:00:52+03:00" level=debug msg="created poll with id:63c058e4fb88d183785eb190" Correlation-ID="<nil>"
time="2023-01-12T22:00:52+03:00" level=info msg="get poll from DB" Correlation-ID="<nil>"
time="2023-01-12T22:00:52+03:00" level=debug msg="start request to db, poll id:63c058e4fb88d183785eb190" Correlation-ID="<nil>"
time="2023-01-12T22:00:52+03:00" level=error msg="mongo: no documents in result" Correlation-ID="<nil>"
time="2023-01-12T22:00:52+03:00" level=error msg="mongo: no documents in result" Correlation-ID="<nil>"
time="2023-01-12T22:13:00+03:00" level=info msg="successfully unmarshal user input" Correlation-ID="<nil>"
time="2023-01-12T22:13:00+03:00" level=info msg="insert data in database complete" Correlation-ID="<nil>"
time="2023-01-12T22:13:00+03:00" level=info msg="retirieving _id from InsertedID field complete" Correlation-ID="<nil>"
time="2023-01-12T22:13:00+03:00" level=debug msg="created poll with id:63c05bbc37ae86c03a30b07c" Correlation-ID="<nil>"
time="2023-01-12T22:13:00+03:00" level=info msg="get poll from DB" Correlation-ID="<nil>"
time="2023-01-12T22:13:00+03:00" level=debug msg="convert id string to ObjectId" Correlation-ID="<nil>"
time="2023-01-12T22:13:00+03:00" level=debug msg="start request to db, poll id:63c05bbc37ae86c03a30b07c" Correlation-ID="<nil>"
time="2023-01-12T22:13:00+03:00" level=info msg="finish create poll" Correlation-ID="<nil>"
time="2023-01-12T22:13:00+03:00" level=info msg="successfuly created poll" Correlation-ID="<nil>"
time="2023-01-13T07:50:03+03:00" level=info msg="successfully unmarshal user input" Correlation-ID=
time="2023-01-13T07:50:03+03:00" level=info msg="insert data in database complete" Correlation-ID=
time="2023-01-13T07:50:03+03:00" level=info msg="retirieving _id from InsertedID field complete" Correlation-ID=
time="2023-01-13T07:50:03+03:00" level=debug msg="created poll with id:63c0e2fb1a67f7d52b77be7d" Correlation-ID=
time="2023-01-13T07:50:03+03:00" level=info msg="get poll from DB" Correlation-ID=
time="2023-01-13T07:50:03+03:00" level=debug msg="convert id string to ObjectId" Correlation-ID=
time="2023-01-13T07:50:03+03:00" level=debug msg="start request to db, poll id:63c0e2fb1a67f7d52b77be7d" Correlation-ID=
time="2023-01-13T07:50:03+03:00" level=info msg="finish create poll" Correlation-ID=
time="2023-01-13T07:50:03+03:00" level=info msg="successfuly created poll" Correlation-ID=
time="2023-01-13T07:54:02+03:00" level=info msg="successfully unmarshal user input" Correlation-ID=d20a9bd3e4649a5942b1627f7b4f5edc57c609c1
time="2023-01-13T07:54:02+03:00" level=info msg="insert data in database complete" Correlation-ID=d20a9bd3e4649a5942b1627f7b4f5edc57c609c1
time="2023-01-13T07:54:02+03:00" level=info msg="retirieving _id from InsertedID field complete" Correlation-ID=d20a9bd3e4649a5942b1627f7b4f5edc57c609c1
time="2023-01-13T07:54:02+03:00" level=debug msg="created poll with id:63c0e3eabd0aa27fc9bd53dd" Correlation-ID=d20a9bd3e4649a5942b1627f7b4f5edc57c609c1
time="2023-01-13T07:54:02+03:00" level=info msg="get poll from DB" Correlation-ID=d20a9bd3e4649a5942b1627f7b4f5edc57c609c1
time="2023-01-13T07:54:02+03:00" level=debug msg="convert id string to ObjectId" Correlation-ID=d20a9bd3e4649a5942b1627f7b4f5edc57c609c1
time="2023-01-13T07:54:02+03:00" level=debug msg="start request to db, poll id:63c0e3eabd0aa27fc9bd53dd" Correlation-ID=d20a9bd3e4649a5942b1627f7b4f5edc57c609c1
time="2023-01-13T07:54:02+03:00" level=info msg="finish create poll" Correlation-ID=d20a9bd3e4649a5942b1627f7b4f5edc57c609c1
time="2023-01-13T07:54:02+03:00" level=info msg="successfuly created poll" Correlation-ID=d20a9bd3e4649a5942b1627f7b4f5edc57c609c1
time="2023-01-13T08:30:27+03:00" level=info msg="successfully unmarshal user input" Correlation-ID=e7cebb497f4322e86408ca7acfe14bcf54872c43
time="2023-01-13T08:30:27+03:00" level=info msg="insert data in database complete" Correlation-ID=e7cebb497f4322e86408ca7acfe14bcf54872c43
time="2023-01-13T08:30:27+03:00" level=info msg="retirieving _id from InsertedID field complete" Correlation-ID=e7cebb497f4322e86408ca7acfe14bcf54872c43
time="2023-01-13T08:30:27+03:00" level=debug msg="created poll with id:63c0ec73ca7ed9c50ff83190" Correlation-ID=e7cebb497f4322e86408ca7acfe14bcf54872c43
time="2023-01-13T08:30:27+03:00" level=info msg="get poll from DB" Correlation-ID=e7cebb497f4322e86408ca7acfe14bcf54872c43
time="2023-01-13T08:30:27+03:00" level=debug msg="convert id string to ObjectId" Correlation-ID=e7cebb497f4322e86408ca7acfe14bcf54872c43
time="2023-01-13T08:30:27+03:00" level=debug msg="start request to db, poll id:63c0ec73ca7ed9c50ff83190" Correlation-ID=e7cebb497f4322e86408ca7acfe14bcf54872c43
time="2023-01-13T08:30:27+03:00" level=info msg="finish create poll" Correlation-ID=e7cebb497f4322e86408ca7acfe14bcf54872c43
time="2023-01-13T08:30:27+03:00" level=info msg="successfuly created poll" Correlation-ID=e7cebb497f4322e86408ca7acfe14bcf54872c43
time="2023-01-13T08:46:49+03:00" level=info msg="successfully unmarshal user input" Correlation-ID=300b0dc8feb9fc517e4a7fe79e06c9c433f55817
time="2023-01-13T08:46:49+03:00" level=info msg="insert data in database complete" Correlation-ID=300b0dc8feb9fc517e4a7fe79e06c9c433f55817
time="2023-01-13T08:46:49+03:00" level=info msg="retirieving _id from InsertedID field complete" Correlation-ID=300b0dc8feb9fc517e4a7fe79e06c9c433f55817
time="2023-01-13T08:46:49+03:00" level=debug msg="created poll with id:63c0f04976388e11ebbf7c7c" Correlation-ID=300b0dc8feb9fc517e4a7fe79e06c9c433f55817
time="2023-01-13T08:46:49+03:00" level=info msg="get poll from DB" Correlation-ID=300b0dc8feb9fc517e4a7fe79e06c9c433f55817
time="2023-01-13T08:46:49+03:00" level=debug msg="convert id string to ObjectId" Correlation-ID=300b0dc8feb9fc517e4a7fe79e06c9c433f55817
time="2023-01-13T08:46:49+03:00" level=debug msg="start request to db, poll id:63c0f04976388e11ebbf7c7c" Correlation-ID=300b0dc8feb9fc517e4a7fe79e06c9c433f55817
time="2023-01-13T08:46:49+03:00" level=info msg="finish create poll" Correlation-ID=300b0dc8feb9fc517e4a7fe79e06c9c433f55817
time="2023-01-13T08:46:49+03:00" level=info msg="successfuly created poll" Correlation-ID=300b0dc8feb9fc517e4a7fe79e06c9c433f55817
time="2023-01-13T09:24:53+03:00" level=info msg="successfully unmarshal user input" Correlation-ID=127678fab1225287280ec26b0327e6ce0cdab9f6
time="2023-01-13T09:24:53+03:00" level=info msg="insert data in database complete" Correlation-ID=127678fab1225287280ec26b0327e6ce0cdab9f6
time="2023-01-13T09:24:53+03:00" level=info msg="retirieving _id from InsertedID field complete" Correlation-ID=127678fab1225287280ec26b0327e6ce0cdab9f6
time="2023-01-13T09:24:53+03:00" level=debug msg="created poll with id:63c0f935d16d69a6cdcc092f" Correlation-ID=127678fab1225287280ec26b0327e6ce0cdab9f6
time="2023-01-13T09:24:53+03:00" level=info msg="get poll from DB" Correlation-ID=127678fab1225287280ec26b0327e6ce0cdab9f6
time="2023-01-13T09:24:53+03:00" level=debug msg="convert id string to ObjectId" Correlation-ID=127678fab1225287280ec26b0327e6ce0cdab9f6
time="2023-01-13T09:24:53+03:00" level=debug msg="start request to db, poll id:63c0f935d16d69a6cdcc092f" Correlation-ID=127678fab1225287280ec26b0327e6ce0cdab9f6
time="2023-01-13T09:24:53+03:00" level=info msg="finish create poll" Correlation-ID=127678fab1225287280ec26b0327e6ce0cdab9f6
time="2023-01-13T09:24:53+03:00" level=info msg="successfuly created poll" Correlation-ID=127678fab1225287280ec26b0327e6ce0cdab9f6
time="2023-01-13T10:14:09+03:00" level=info msg="successfully unmarshal user input" Correlation-ID=42ee7fb04adae56e27eb96171bccf29696ebfe15
time="2023-01-13T10:14:09+03:00" level=info msg="successfylly voted:&{63c0f935d16d69a6cdcc092f 63c0f935d16d69a6cdcc092c}" Correlation-ID=42ee7fb04adae56e27eb96171bccf29696ebfe15
time="2023-01-13T10:25:04+03:00" level=info msg="successfully unmarshal user input" Correlation-ID=836bd1f31ae9f3ea9727d1b1899518ed1fb5757e
time="2023-01-13T10:25:04+03:00" level=info msg="successfylly voted:&{63c0f935d16d69a6cdcc092f 63c0f935d16d69a6cdcc092c}" Correlation-ID=836bd1f31ae9f3ea9727d1b1899518ed1fb5757e
time="2023-01-13T10:33:08+03:00" level=info msg="successfully unmarshal user input" Correlation-ID=4e23cd25272313c8801b2362a032857af20ff3a1
time="2023-01-13T10:33:08+03:00" level=info msg="successfylly voted:&{63c0f935d16d69a6cdcc092f 63c0f935d16d69a6cdcc092c}" Correlation-ID=4e23cd25272313c8801b2362a032857af20ff3a1
time="2023-01-13T10:47:07+03:00" level=info msg="successfully unmarshal user input" Correlation-ID=ed23a793fe1dc1a0fd26e0c242cb4ea768b438a1
time="2023-01-13T10:47:07+03:00" level=debug msg="MatchedCount:1ModifiedCount1UpsertedCount0UpsertedID<nil>" Correlation-ID=ed23a793fe1dc1a0fd26e0c242cb4ea768b438a1
time="2023-01-13T10:47:07+03:00" level=info msg="successfylly voted:&{63c0f935d16d69a6cdcc092f 63c0f935d16d69a6cdcc092c}" Correlation-ID=ed23a793fe1dc1a0fd26e0c242cb4ea768b438a1
time="2023-01-13T10:47:55+03:00" level=info msg="successfully unmarshal user input" Correlation-ID=8502a6e527a63310d348abc5b139aef0a91c665a
time="2023-01-13T10:47:55+03:00" level=debug msg="MatchedCount:1ModifiedCount1UpsertedCount0UpsertedID<nil>" Correlation-ID=8502a6e527a63310d348abc5b139aef0a91c665a
time="2023-01-13T10:47:55+03:00" level=info msg="successfylly voted:&{63c0f935d16d69a6cdcc092f 63c0f935d16d69a6cdcc092c}" Correlation-ID=8502a6e527a63310d348abc5b139aef0a91c665a
time="2023-01-13T10:48:54+03:00" level=info msg="successfully unmarshal user input" Correlation-ID=24e5275558c3c73ee478fa010d7fed3a2a0ebe83
time="2023-01-13T10:48:54+03:00" level=debug msg="MatchedCount: 1ModifiedCount: 1UpsertedCount: 0UpsertedID: <nil>" Correlation-ID=24e5275558c3c73ee478fa010d7fed3a2a0ebe83
time="2023-01-13T10:48:54+03:00" level=info msg="successfylly voted:&{63c0f935d16d69a6cdcc092f 63c0f935d16d69a6cdcc092c}" Correlation-ID=24e5275558c3c73ee478fa010d7fed3a2a0ebe83
time="2023-01-13T15:27:16+03:00" level=info msg="successfully unmarshal user input" Correlation-ID=fc823b4a9691822893d57334691ef068dfebc1b9
time="2023-01-13T15:27:16+03:00" level=info msg="insert data in database complete" Correlation-ID=fc823b4a9691822893d57334691ef068dfebc1b9
time="2023-01-13T15:27:16+03:00" level=info msg="retirieving _id from InsertedID field complete" Correlation-ID=fc823b4a9691822893d57334691ef068dfebc1b9
time="2023-01-13T15:27:16+03:00" level=debug msg="created poll with id:63c14e24593652be4d73add8" Correlation-ID=fc823b4a9691822893d57334691ef068dfebc1b9
time="2023-01-13T15:27:16+03:00" level=info msg="get poll from DB" Correlation-ID=fc823b4a9691822893d57334691ef068dfebc1b9
time="2023-01-13T15:27:16+03:00" level=debug msg="convert id string to ObjectId" Correlation-ID=fc823b4a9691822893d57334691ef068dfebc1b9
time="2023-01-13T15:27:16+03:00" level=debug msg="start request to db, poll id:63c14e24593652be4d73add8" Correlation-ID=fc823b4a9691822893d57334691ef068dfebc1b9
time="2023-01-13T15:27:16+03:00" level=info msg="finish create poll" Correlation-ID=fc823b4a9691822893d57334691ef068dfebc1b9
time="2023-01-13T15:27:16+03:00" level=info msg="successfuly created poll" Correlation-ID=fc823b4a9691822893d57334691ef068dfebc1b9
time="2023-01-13T15:27:49+03:00" level=info msg="successfully unmarshal user input" Correlation-ID=bfaed75a4ebb8b204c676ba38ef954368f1f8745
time="2023-01-13T15:27:49+03:00" level=error msg="filtr does not matched any document" Correlation-ID=bfaed75a4ebb8b204c676ba38ef954368f1f8745
time="2023-01-13T15:27:49+03:00" level=error msg="document not found" Correlation-ID=bfaed75a4ebb8b204c676ba38ef954368f1f8745
time="2023-01-13T15:34:34+03:00" level=info msg="successfully unmarshal user input" Correlation-ID=ad52f9aa68d68274639ff9350b85bd407a74d232
time="2023-01-13T15:34:34+03:00" level=debug msg="MatchedCount: 1ModifiedCount: 1" Correlation-ID=ad52f9aa68d68274639ff9350b85bd407a74d232
time="2023-01-13T15:34:34+03:00" level=info msg="successfylly voted:&{63c0f935d16d69a6cdcc092f 63c0f935d16d69a6cdcc092c}" Correlation-ID=ad52f9aa68d68274639ff9350b85bd407a74d232
time="2023-01-13T15:36:39+03:00" level=info msg="successfully unmarshal user input" Correlation-ID=256adc23382148aa8cb07f84a21778407cf17577
time="2023-01-13T15:36:39+03:00" level=info msg="insert data in database complete" Correlation-ID=256adc23382148aa8cb07f84a21778407cf17577
time="2023-01-13T15:36:39+03:00" level=info msg="retirieving _id from InsertedID field complete" Correlation-ID=256adc23382148aa8cb07f84a21778407cf17577
time="2023-01-13T15:36:39+03:00" level=debug msg="created poll with id:63c150574cac97b61c543dcf" Correlation-ID=256adc23382148aa8cb07f84a21778407cf17577
time="2023-01-13T15:36:39+03:00" level=info msg="get poll from DB" Correlation-ID=256adc23382148aa8cb07f84a21778407cf17577
time="2023-01-13T15:36:39+03:00" level=debug msg="convert id string to ObjectId" Correlation-ID=256adc23382148aa8cb07f84a21778407cf17577
time="2023-01-13T15:36:39+03:00" level=debug msg="start request to db, poll id:63c150574cac97b61c543dcf" Correlation-ID=256adc23382148aa8cb07f84a21778407cf17577
time="2023-01-13T15:36:39+03:00" level=info msg="finish create poll" Correlation-ID=256adc23382148aa8cb07f84a21778407cf17577
time="2023-01-13T15:36:39+03:00" level=info msg="successfuly created poll" Correlation-ID=256adc23382148aa8cb07f84a21778407cf17577
time="2023-01-13T15:36:54+03:00" level=info msg="successfully unmarshal user input" Correlation-ID=bc52cd244d3bf798bb9b2d28f77c9d695678f11e
time="2023-01-13T15:36:54+03:00" level=error msg="filtr does not matched any document" Correlation-ID=bc52cd244d3bf798bb9b2d28f77c9d695678f11e
time="2023-01-13T15:36:54+03:00" level=error msg="document not found" Correlation-ID=bc52cd244d3bf798bb9b2d28f77c9d695678f11e
time="2023-01-13T15:37:06+03:00" level=info msg="successfully unmarshal user input" Correlation-ID=3e6de2e813f248fc861506b13d94beedb6dd6791
time="2023-01-13T15:37:06+03:00" level=error msg="filtr does not matched any document" Correlation-ID=3e6de2e813f248fc861506b13d94beedb6dd6791
time="2023-01-13T15:37:06+03:00" level=error msg="document not found" Correlation-ID=3e6de2e813f248fc861506b13d94beedb6dd6791
time="2023-01-13T15:37:35+03:00" level=info msg="successfully unmarshal user input" Correlation-ID=53f9b8ad0b945d7596329f049ecc962ea08c631d
time="2023-01-13T15:37:35+03:00" level=debug msg="MatchedCount: 1ModifiedCount: 1" Correlation-ID=53f9b8ad0b945d7596329f049ecc962ea08c631d
time="2023-01-13T15:37:35+03:00" level=info msg="successfylly voted:&{63c150574cac97b61c543dcf 63c150574cac97b61c543dcc}" Correlation-ID=53f9b8ad0b945d7596329f049ecc962ea08c631d
time="2023-01-13T15:40:45+03:00" level=info msg="successfully unmarshal user input" Correlation-ID=87ff0aa8625a3bb9935275ce64db045fef115162
time="2023-01-13T15:51:55+03:00" level=info msg="successfully unmarshal user input" Correlation-ID=64722afc8d1f604dacd8f5b72bd385b7ebce9ac4
time="2023-01-13T15:51:55+03:00" level=debug msg="MatchedCount: 1ModifiedCount: 1" Correlation-ID=64722afc8d1f604dacd8f5b72bd385b7ebce9ac4
time="2023-01-13T15:51:55+03:00" level=info msg="successfylly voted:&{63c150574cac97b61c543dcf 63c150574cac97b61c543dcc}" Correlation-ID=64722afc8d1f604dacd8f5b72bd385b7ebce9ac4
time="2023-01-13T15:53:01+03:00" level=info msg="successfully unmarshal user input" Correlation-ID=b19dd734f13a9ef4664fe249f395f4147c79d6bb
time="2023-01-13T15:53:01+03:00" level=info msg="insert data in database complete" Correlation-ID=b19dd734f13a9ef4664fe249f395f4147c79d6bb
time="2023-01-13T15:53:01+03:00" level=info msg="retirieving _id from InsertedID field complete" Correlation-ID=b19dd734f13a9ef4664fe249f395f4147c79d6bb
time="2023-01-13T15:53:01+03:00" level=debug msg="created poll with id:63c1542d79242725b54a2ac6" Correlation-ID=b19dd734f13a9ef4664fe249f395f4147c79d6bb
time="2023-01-13T15:53:01+03:00" level=info msg="get poll from DB" Correlation-ID=b19dd734f13a9ef4664fe249f395f4147c79d6bb
time="2023-01-13T15:53:01+03:00" level=debug msg="convert id string to ObjectId" Correlation-ID=b19dd734f13a9ef4664fe249f395f4147c79d6bb
time="2023-01-13T15:53:01+03:00" level=debug msg="start request to db, poll id:63c1542d79242725b54a2ac6" Correlation-ID=b19dd734f13a9ef4664fe249f395f4147c79d6bb
time="2023-01-13T15:53:01+03:00" level=info msg="finish create poll" Correlation-ID=b19dd734f13a9ef4664fe249f395f4147c79d6bb
time="2023-01-13T15:53:01+03:00" level=info msg="successfuly created poll" Correlation-ID=b19dd734f13a9ef4664fe249f395f4147c79d6bb
time="2023-01-13T15:53:04+03:00" level=info msg="successfully unmarshal user input" Correlation-ID=0b101fc650e8e072f25449947632605169d6c386
time="2023-01-13T15:53:04+03:00" level=error msg="filtr does not matched any document" Correlation-ID=0b101fc650e8e072f25449947632605169d6c386
time="2023-01-13T15:53:04+03:00" level=error msg="document not found" Correlation-ID=0b101fc650e8e072f25449947632605169d6c386
time="2023-01-13T15:53:28+03:00" level=info msg="successfully unmarshal user input" Correlation-ID=862b669a41bfd6c39ea7db85679fb55ed52bc71f
time="2023-01-13T15:53:28+03:00" level=debug msg="MatchedCount: 1ModifiedCount: 1" Correlation-ID=862b669a41bfd6c39ea7db85679fb55ed52bc71f
time="2023-01-13T15:53:28+03:00" level=info msg="successfylly voted:&{63c1542d79242725b54a2ac6 63c1542d79242725b54a2ac3}" Correlation-ID=862b669a41bfd6c39ea7db85679fb55ed52bc71f
time="2023-01-13T15:56:50+03:00" level=info msg="successfully unmarshal user input" Correlation-ID=212402bf6b875cf283884feef2a7d354dc70dae4
time="2023-01-13T15:59:16+03:00" level=info msg="successfully unmarshal user input" Correlation-ID=6525a450c9ad7963fd5efa3c9a1318217dc59662
time="2023-01-13T15:59:16+03:00" level=error msg="write exception: write errors: [Cannot create field 'votes' in element {choice: [ { _id: ObjectId('63c1542d79242725b54a2ac3'), name: \"1\", votes: 0 }, { _id: ObjectId('63c1542d79242725b54a2ac4'), name: \"2\", votes: 0 }, { _id: ObjectId('63c1542d79242725b54a2ac5'), name: \"3\", votes: 0 } ]}]" Correlation-ID=6525a450c9ad7963fd5efa3c9a1318217dc59662
time="2023-01-13T16:16:51+03:00" level=info msg="successfully unmarshal user input" Correlation-ID=cf4026f66a345579796e2b016585ac37552559fe
time="2023-01-13T16:16:51+03:00" level=debug msg="MatchedCount: 1ModifiedCount: 0" Correlation-ID=cf4026f66a345579796e2b016585ac37552559fe
time="2023-01-13T16:16:51+03:00" level=info msg="successfylly voted:&{63c1542d79242725b54a2ac6 63c1542d79242725b54a2ac3}" Correlation-ID=cf4026f66a345579796e2b016585ac37552559fe
time="2023-01-13T16:20:40+03:00" level=info msg="successfully unmarshal user input" Correlation-ID=0f9db61c17a06702bd7c0bec0bf27ca7447bbb6f
time="2023-01-13T16:20:40+03:00" level=debug msg="&{ObjectID(\"63c1542d79242725b54a2ac6\") newpoll [{ObjectID(\"63c1542d79242725b54a2ac3\") 1 0} {ObjectID(\"63c1542d79242725b54a2ac4\") 2 0} {ObjectID(\"63c1542d79242725b54a2ac5\") 3 0}]}" Correlation-ID=0f9db61c17a06702bd7c0bec0bf27ca7447bbb6f
time="2023-01-13T16:20:40+03:00" level=debug msg="MatchedCount: 1ModifiedCount: 0" Correlation-ID=0f9db61c17a06702bd7c0bec0bf27ca7447bbb6f
time="2023-01-13T16:20:40+03:00" level=info msg="successfylly voted:&{63c1542d79242725b54a2ac6 63c1542d79242725b54a2ac3}" Correlation-ID=0f9db61c17a06702bd7c0bec0bf27ca7447bbb6f
time="2023-01-13T16:23:29+03:00" level=info msg="successfully unmarshal user input" Correlation-ID=b258524360f0a4a4eea44b88152dc513e8db86a5
time="2023-01-13T16:23:29+03:00" level=debug msg="&{ObjectID(\"63c1542d79242725b54a2ac6\") newpoll [{ObjectID(\"63c1542d79242725b54a2ac3\") 1 0} {ObjectID(\"63c1542d79242725b54a2ac4\") 2 0} {ObjectID(\"63c1542d79242725b54a2ac5\") 3 0}]}" Correlation-ID=b258524360f0a4a4eea44b88152dc513e8db86a5
time="2023-01-13T16:23:29+03:00" level=debug msg="MatchedCount: 1ModifiedCount: 0" Correlation-ID=b258524360f0a4a4eea44b88152dc513e8db86a5
time="2023-01-13T16:23:29+03:00" level=info msg="successfylly voted:&{63c1542d79242725b54a2ac6 63c1542d79242725b54a2ac3}" Correlation-ID=b258524360f0a4a4eea44b88152dc513e8db86a5
time="2023-01-13T16:38:32+03:00" level=info msg="successfully unmarshal user input" Correlation-ID=a892470dec10d4c3a1aed1ceb9b6ea64e5105747
time="2023-01-13T16:38:32+03:00" level=debug msg="&{ObjectID(\"63c1542d79242725b54a2ac6\") newpoll [{ObjectID(\"63c1542d79242725b54a2ac3\") 1 0} {ObjectID(\"63c1542d79242725b54a2ac4\") 2 0} {ObjectID(\"63c1542d79242725b54a2ac5\") 3 0}]}" Correlation-ID=a892470dec10d4c3a1aed1ceb9b6ea64e5105747
time="2023-01-13T16:38:32+03:00" level=error msg="write exception: write errors: [Cannot create field '$[vote' in element {choice: [ { _id: ObjectId('63c1542d79242725b54a2ac3'), name: \"1\", votes: 0 }, { _id: ObjectId('63c1542d79242725b54a2ac4'), name: \"2\", votes: 0 }, { _id: ObjectId('63c1542d79242725b54a2ac5'), name: \"3\", votes: 0 } ]}]" Correlation-ID=a892470dec10d4c3a1aed1ceb9b6ea64e5105747
time="2023-01-13T16:46:19+03:00" level=info msg="successfully unmarshal user input" Correlation-ID=84263f653ebbcbd1931b92615d3cf1baca90d6e4
time="2023-01-13T16:46:19+03:00" level=debug msg="&{ObjectID(\"63c1542d79242725b54a2ac6\") newpoll [{ObjectID(\"63c1542d79242725b54a2ac3\") 1 0} {ObjectID(\"63c1542d79242725b54a2ac4\") 2 0} {ObjectID(\"63c1542d79242725b54a2ac5\") 3 0}]}" Correlation-ID=84263f653ebbcbd1931b92615d3cf1baca90d6e4
time="2023-01-13T16:46:19+03:00" level=error msg="write exception: write errors: [No array filter found for identifier 'choiceID' in path 'choice.$[choiceID].votes']" Correlation-ID=84263f653ebbcbd1931b92615d3cf1baca90d6e4
time="2023-01-13T19:29:48+03:00" level=info msg="successfully unmarshal user input" Correlation-ID=0511b0e5b2773e60177cf67ebfadfc7dbedcb916
time="2023-01-13T19:29:48+03:00" level=debug msg="&{ObjectID(\"63c1542d79242725b54a2ac6\") newpoll [{ObjectID(\"63c1542d79242725b54a2ac3\") 1 0} {ObjectID(\"63c1542d79242725b54a2ac4\") 2 0} {ObjectID(\"63c1542d79242725b54a2ac5\") 3 0}]}" Correlation-ID=0511b0e5b2773e60177cf67ebfadfc7dbedcb916
time="2023-01-13T19:29:48+03:00" level=debug msg="MatchedCount: 1ModifiedCount: 0" Correlation-ID=0511b0e5b2773e60177cf67ebfadfc7dbedcb916
time="2023-01-13T19:29:48+03:00" level=info msg="successfylly voted:&{63c1542d79242725b54a2ac6 63c1542d79242725b54a2ac3}" Correlation-ID=0511b0e5b2773e60177cf67ebfadfc7dbedcb916
time="2023-01-13T19:38:06+03:00" level=info msg="successfully unmarshal user input" Correlation-ID=24d5e50452e30b8dd9f18a0a38904d97123fd9a3
time="2023-01-13T19:38:06+03:00" level=debug msg="&{ObjectID(\"63c1542d79242725b54a2ac6\") newpoll [{ObjectID(\"63c1542d79242725b54a2ac3\") 1 0} {ObjectID(\"63c1542d79242725b54a2ac4\") 2 0} {ObjectID(\"63c1542d79242725b54a2ac5\") 3 0}]}" Correlation-ID=24d5e50452e30b8dd9f18a0a38904d97123fd9a3
time="2023-01-13T19:38:06+03:00" level=error msg="write exception: write errors: [Cannot apply array updates to non-array element _id: ObjectId('63c1542d79242725b54a2ac6')]" Correlation-ID=24d5e50452e30b8dd9f18a0a38904d97123fd9a3
time="2023-01-13T19:45:16+03:00" level=info msg="successfully unmarshal user input" Correlation-ID=a3fba09bc39c94715a0f20ba1e8aed38016842e0
time="2023-01-13T19:45:16+03:00" level=debug msg="&{ObjectID(\"63c1542d79242725b54a2ac6\") newpoll [{ObjectID(\"63c1542d79242725b54a2ac3\") 1 0} {ObjectID(\"63c1542d79242725b54a2ac4\") 2 0} {ObjectID(\"63c1542d79242725b54a2ac5\") 3 0}]}" Correlation-ID=a3fba09bc39c94715a0f20ba1e8aed38016842e0
time="2023-01-13T19:45:16+03:00" level=debug msg="MatchedCount: 1ModifiedCount: 0" Correlation-ID=a3fba09bc39c94715a0f20ba1e8aed38016842e0
time="2023-01-13T19:45:16+03:00" level=info msg="successfylly voted:&{63c1542d79242725b54a2ac6 63c1542d79242725b54a2ac3}" Correlation-ID=a3fba09bc39c94715a0f20ba1e8aed38016842e0
time="2023-01-13T19:59:26+03:00" level=info msg="successfully unmarshal user input" Correlation-ID=5a55375fae9a6eef1f63e1f161ddbad994639079
time="2023-01-13T19:59:26+03:00" level=debug msg="&{ObjectID(\"63c1542d79242725b54a2ac6\") newpoll [{ObjectID(\"63c1542d79242725b54a2ac3\") 1 0} {ObjectID(\"63c1542d79242725b54a2ac4\") 2 0} {ObjectID(\"63c1542d79242725b54a2ac5\") 3 0}]}" Correlation-ID=5a55375fae9a6eef1f63e1f161ddbad994639079
time="2023-01-13T19:59:26+03:00" level=debug msg="MatchedCount: 1ModifiedCount: 1" Correlation-ID=5a55375fae9a6eef1f63e1f161ddbad994639079
time="2023-01-13T19:59:26+03:00" level=info msg="successfylly voted:&{63c1542d79242725b54a2ac6 63c1542d79242725b54a2ac3}" Correlation-ID=5a55375fae9a6eef1f63e1f161ddbad994639079
time="2023-01-13T20:00:55+03:00" level=info msg="successfully unmarshal user input" Correlation-ID=4cc72b40ecce83f8a1a88ada62695327d901788a
time="2023-01-13T20:00:55+03:00" level=debug msg="&{ObjectID(\"63c1542d79242725b54a2ac6\") newpoll [{ObjectID(\"63c1542d79242725b54a2ac3\") 1 1} {ObjectID(\"63c1542d79242725b54a2ac4\") 2 0} {ObjectID(\"63c1542d79242725b54a2ac5\") 3 0}]}" Correlation-ID=4cc72b40ecce83f8a1a88ada62695327d901788a
time="2023-01-13T20:00:55+03:00" level=debug msg="MatchedCount: 1ModifiedCount: 1" Correlation-ID=4cc72b40ecce83f8a1a88ada62695327d901788a
time="2023-01-13T20:00:55+03:00" level=info msg="successfylly voted:&{63c1542d79242725b54a2ac6 63c1542d79242725b54a2ac3}" Correlation-ID=4cc72b40ecce83f8a1a88ada62695327d901788a
time="2023-01-13T22:17:16+03:00" level=info msg="successfully unmarshal user input" Correlation-ID=aa49e162d1469e342329c3e02c80fdff74b3aa4c
time="2023-01-13T22:17:16+03:00" level=debug msg="convert id string to ObjectId" Correlation-ID=aa49e162d1469e342329c3e02c80fdff74b3aa4c
time="2023-01-13T22:17:16+03:00" level=debug msg="start request to db, poll id:63c1542d79242725b54a2ac6" Correlation-ID=aa49e162d1469e342329c3e02c80fdff74b3aa4c
time="2023-01-13T22:20:36+03:00" level=info msg="successfully unmarshal user input" Correlation-ID=b77730137fb199302710d304e249e46c9747d744
time="2023-01-13T22:20:36+03:00" level=debug msg="convert id string to ObjectId" Correlation-ID=b77730137fb199302710d304e249e46c9747d744
time="2023-01-13T22:20:36+03:00" level=debug msg="start request to db, poll id:63c1542d79242725b54a2ac6" Correlation-ID=b77730137fb199302710d304e249e46c9747d744
time="2023-01-13T22:23:31+03:00" level=info msg="successfully unmarshal user input" Correlation-ID=0f0e2be4ba5def6a0d924d1f529b50b5fa001be8
time="2023-01-13T22:23:31+03:00" level=debug msg="convert id string to ObjectId" Correlation-ID=0f0e2be4ba5def6a0d924d1f529b50b5fa001be8
time="2023-01-13T22:23:31+03:00" level=error msg="error converting id string to ObjectId" Correlation-ID=0f0e2be4ba5def6a0d924d1f529b50b5fa001be8
time="2023-01-13T22:23:31+03:00" level=error msg="the provided hex string is not a valid ObjectID" Correlation-ID=0f0e2be4ba5def6a0d924d1f529b50b5fa001be8
time="2023-01-13T22:24:01+03:00" level=info msg="successfully unmarshal user input" Correlation-ID=5e5549b662389537e16e742d846f7297a0fa88c9
time="2023-01-13T22:24:01+03:00" level=debug msg="convert id string to ObjectId" Correlation-ID=5e5549b662389537e16e742d846f7297a0fa88c9
time="2023-01-13T22:24:01+03:00" level=debug msg="start request to db, poll id:63c1542d79242725b54a2ac7" Correlation-ID=5e5549b662389537e16e742d846f7297a0fa88c9
time="2023-01-13T22:24:01+03:00" level=error msg="document not found" Correlation-ID=5e5549b662389537e16e742d846f7297a0fa88c9
time="2023-01-13T23:07:00+03:00" level=info msg="successfully unmarshal user input" Correlation-ID=c6a20dab4d45bdfb453c13aafd1cf6172932be6e
time="2023-01-13T23:07:00+03:00" level=debug msg="convert id string to ObjectId" Correlation-ID=c6a20dab4d45bdfb453c13aafd1cf6172932be6e
time="2023-01-13T23:07:00+03:00" level=debug msg="start request to db, poll id:63c1542d79242725b54a2ac6" Correlation-ID=c6a20dab4d45bdfb453c13aafd1cf6172932be6e
time="2023-01-13T23:09:02+03:00" level=info msg="successfully unmarshal user input" Correlation-ID=629a31467c0e0d2efb291d65ef1ebef79d2b64ce
time="2023-01-13T23:09:02+03:00" level=debug msg="convert id string to ObjectId" Correlation-ID=629a31467c0e0d2efb291d65ef1ebef79d2b64ce
time="2023-01-13T23:09:02+03:00" level=debug msg="start request to db, poll id:63c1542d79242725b54a2ac6" Correlation-ID=629a31467c0e0d2efb291d65ef1ebef79d2b64ce
time="2023-01-13T23:09:37+03:00" level=info msg="successfully unmarshal user input" Correlation-ID=653e46f741b1acf2e28ffd8bf9d7f3f0f7161ec3
time="2023-01-13T23:09:37+03:00" level=debug msg="convert id string to ObjectId" Correlation-ID=653e46f741b1acf2e28ffd8bf9d7f3f0f7161ec3
time="2023-01-13T23:09:37+03:00" level=debug msg="start request to db, poll id:63c1542d79242725b54a2ac6" Correlation-ID=653e46f741b1acf2e28ffd8bf9d7f3f0f7161ec3
time="2023-01-14T11:59:52+03:00" level=info msg="successfully unmarshal user input" Correlation-ID=09ed08410f773a1692cf91b812e047edb2d98b72
time="2023-01-14T11:59:52+03:00" level=info msg="insert data in database complete" Correlation-ID=09ed08410f773a1692cf91b812e047edb2d98b72
time="2023-01-14T11:59:52+03:00" level=info msg="retirieving _id from InsertedID field complete" Correlation-ID=09ed08410f773a1692cf91b812e047edb2d98b72
time="2023-01-14T11:59:52+03:00" level=debug msg="created poll with id:63c26f08f01fdeaee8105cee" Correlation-ID=09ed08410f773a1692cf91b812e047edb2d98b72
time="2023-01-14T11:59:52+03:00" level=info msg="get poll from DB" Correlation-ID=09ed08410f773a1692cf91b812e047edb2d98b72
time="2023-01-14T11:59:52+03:00" level=debug msg="convert id string to ObjectId" Correlation-ID=09ed08410f773a1692cf91b812e047edb2d98b72
time="2023-01-14T11:59:52+03:00" level=debug msg="start request to db, poll id:63c26f08f01fdeaee8105cee" Correlation-ID=09ed08410f773a1692cf91b812e047edb2d98b72
time="2023-01-14T11:59:52+03:00" level=info msg="finish create poll" Correlation-ID=09ed08410f773a1692cf91b812e047edb2d98b72
time="2023-01-14T11:59:52+03:00" level=info msg="successfuly created poll" Correlation-ID=09ed08410f773a1692cf91b812e047edb2d98b72
time="2023-01-14T12:03:37+03:00" level=info msg="successfully unmarshal user input" Correlation-ID=ae4c0fdefd276c2683e43779366b39f5e667b245
time="2023-01-14T12:03:37+03:00" level=info msg="insert data in database complete" Correlation-ID=ae4c0fdefd276c2683e43779366b39f5e667b245
time="2023-01-14T12:03:37+03:00" level=info msg="retirieving _id from InsertedID field complete" Correlation-ID=ae4c0fdefd276c2683e43779366b39f5e667b245
time="2023-01-14T12:03:37+03:00" level=debug msg="created poll with id:63c26fe9f01fdeaee8105cf2" Correlation-ID=ae4c0fdefd276c2683e43779366b39f5e667b245
time="2023-01-14T12:03:37+03:00" level=info msg="get poll from DB" Correlation-ID=ae4c0fdefd276c2683e43779366b39f5e667b245
time="2023-01-14T12:03:37+03:00" level=debug msg="convert id string to ObjectId" Correlation-ID=ae4c0fdefd276c2683e43779366b39f5e667b245
time="2023-01-14T12:03:37+03:00" level=debug msg="start request to db, poll id:63c26fe9f01fdeaee8105cf2" Correlation-ID=ae4c0fdefd276c2683e43779366b39f5e667b245
time="2023-01-14T12:03:37+03:00" level=info msg="finish create poll" Correlation-ID=ae4c0fdefd276c2683e43779366b39f5e667b245
time="2023-01-14T12:03:37+03:00" level=info msg="successfuly created poll" Correlation-ID=ae4c0fdefd276c2683e43779366b39f5e667b245
time="2023-01-14T12:28:23+03:00" level=info msg="successfully unmarshal user input" Correlation-ID=2958d4eff16bb94a8e0076cd5b289538b3153f7a
time="2023-01-14T12:28:23+03:00" level=debug msg="MatchedCount: 1ModifiedCount: 1" Correlation-ID=2958d4eff16bb94a8e0076cd5b289538b3153f7a
time="2023-01-14T12:28:23+03:00" level=info msg="successfylly voted:&{63c26fe9f01fdeaee8105cf2 63c26fe9f01fdeaee8105cf1}" Correlation-ID=2958d4eff16bb94a8e0076cd5b289538b3153f7a
time="2023-01-14T12:28:39+03:00" level=error msg="invalid character '}' looking for beginning of object key string" Correlation-ID=44a10d8111713f39494bc9b162ea2562e39f8302
time="2023-01-14T12:29:26+03:00" level=info msg="successfully unmarshal user input" Correlation-ID=7cdcb2079554475f7118422f847f8a7ba22b8ac9
time="2023-01-14T12:29:26+03:00" level=error msg="the provided hex string is not a valid ObjectID" Correlation-ID=7cdcb2079554475f7118422f847f8a7ba22b8ac9
time="2023-01-14T12:30:07+03:00" level=info msg="successfully unmarshal user input" Correlation-ID=3787cdac8f63b6b869205b7b9351af7f55a69cb7
time="2023-01-14T12:30:07+03:00" level=debug msg="MatchedCount: 1ModifiedCount: 1" Correlation-ID=3787cdac8f63b6b869205b7b9351af7f55a69cb7
time="2023-01-14T12:30:07+03:00" level=info msg="successfylly voted:&{63c26fe9f01fdeaee8105cf2 63c26fe9f01fdeaee8105cf1}" Correlation-ID=3787cdac8f63b6b869205b7b9351af7f55a69cb7
time="2023-01-14T12:57:51+03:00" level=info msg="successfully unmarshal user input" Correlation-ID=f0f49ff3cc444e8d7f0cdfeee10b6756ca47e752
time="2023-01-14T12:57:51+03:00" level=info msg="insert data in database complete" Correlation-ID=f0f49ff3cc444e8d7f0cdfeee10b6756ca47e752
time="2023-01-14T12:57:51+03:00" level=info msg="retirieving _id from InsertedID field complete" Correlation-ID=f0f49ff3cc444e8d7f0cdfeee10b6756ca47e752
time="2023-01-14T12:57:51+03:00" level=debug msg="created poll with id:63c27c9ff01fdeaee8105cf6" Correlation-ID=f0f49ff3cc444e8d7f0cdfeee10b6756ca47e752
time="2023-01-14T12:57:51+03:00" level=info msg="get poll from DB" Correlation-ID=f0f49ff3cc444e8d7f0cdfeee10b6756ca47e752
time="2023-01-14T12:57:51+03:00" level=debug msg="convert id string to ObjectId" Correlation-ID=f0f49ff3cc444e8d7f0cdfeee10b6756ca47e752
time="2023-01-14T12:57:51+03:00" level=debug msg="start request to db, poll id:63c27c9ff01fdeaee8105cf6" Correlation-ID=f0f49ff3cc444e8d7f0cdfeee10b6756ca47e752
time="2023-01-14T12:57:51+03:00" level=info msg="finish create poll" Correlation-ID=f0f49ff3cc444e8d7f0cdfeee10b6756ca47e752
time="2023-01-14T12:57:51+03:00" level=info msg="successfuly created poll" Correlation-ID=f0f49ff3cc444e8d7f0cdfeee10b6756ca47e752
time="2023-01-14T12:58:46+03:00" level=info msg="successfully unmarshal user input" Correlation-ID=fe71d481fc0c5f53c08cbece33ea20d4f2d6272f
time="2023-01-14T12:58:46+03:00" level=info msg="insert data in database complete" Correlation-ID=fe71d481fc0c5f53c08cbece33ea20d4f2d6272f
time="2023-01-14T12:58:46+03:00" level=info msg="retirieving _id from InsertedID field complete" Correlation-ID=fe71d481fc0c5f53c08cbece33ea20d4f2d6272f
time="2023-01-14T12:58:46+03:00" level=debug msg="created poll with id:63c27cd6f01fdeaee8105cfa" Correlation-ID=fe71d481fc0c5f53c08cbece33ea20d4f2d6272f
time="2023-01-14T12:58:46+03:00" level=info msg="get poll from DB" Correlation-ID=fe71d481fc0c5f53c08cbece33ea20d4f2d6272f
time="2023-01-14T12:58:46+03:00" level=debug msg="convert id string to ObjectId" Correlation-ID=fe71d481fc0c5f53c08cbece33ea20d4f2d6272f
time="2023-01-14T12:58:46+03:00" level=debug msg="start request to db, poll id:63c27cd6f01fdeaee8105cfa" Correlation-ID=fe71d481fc0c5f53c08cbece33ea20d4f2d6272f
time="2023-01-14T12:58:46+03:00" level=info msg="finish create poll" Correlation-ID=fe71d481fc0c5f53c08cbece33ea20d4f2d6272f
time="2023-01-14T12:58:46+03:00" level=info msg="successfuly created poll" Correlation-ID=fe71d481fc0c5f53c08cbece33ea20d4f2d6272f
time="2023-01-14T14:30:01+03:00" level=info msg="successfully unmarshal user input" Correlation-ID=31ee8ecff2c71c4a8c757d305bb61cb4543ef291
time="2023-01-14T14:30:01+03:00" level=info msg="insert data in database complete" Correlation-ID=31ee8ecff2c71c4a8c757d305bb61cb4543ef291
time="2023-01-14T14:30:01+03:00" level=info msg="retirieving _id from InsertedID field complete" Correlation-ID=31ee8ecff2c71c4a8c757d305bb61cb4543ef291
time="2023-01-14T14:30:01+03:00" level=debug msg="created poll with id:63c29239f01fdeaee8105cfe" Correlation-ID=31ee8ecff2c71c4a8c757d305bb61cb4543ef291
time="2023-01-14T14:30:01+03:00" level=info msg="get poll from DB" Correlation-ID=31ee8ecff2c71c4a8c757d305bb61cb4543ef291
time="2023-01-14T14:30:01+03:00" level=debug msg="convert id string to ObjectId" Correlation-ID=31ee8ecff2c71c4a8c757d305bb61cb4543ef291
time="2023-01-14T14:30:01+03:00" level=debug msg="start request to db, poll id:63c29239f01fdeaee8105cfe" Correlation-ID=31ee8ecff2c71c4a8c757d305bb61cb4543ef291
time="2023-01-14T14:30:01+03:00" level=info msg="finish create poll" Correlation-ID=31ee8ecff2c71c4a8c757d305bb61cb4543ef291
time="2023-01-14T14:30:01+03:00" level=info msg="successfuly created poll" Correlation-ID=31ee8ecff2c71c4a8c757d305bb61cb4543ef291
time="2023-01-14T14:30:50+03:00" level=info msg="successfully unmarshal user input" Correlation-ID=ce6257402e108e72e2eaab39578406ca70e80ad7
time="2023-01-14T14:30:50+03:00" level=info msg="insert data in database complete" Correlation-ID=ce6257402e108e72e2eaab39578406ca70e80ad7
time="2023-01-14T14:30:50+03:00" level=info msg="retirieving _id from InsertedID field complete" Correlation-ID=ce6257402e108e72e2eaab39578406ca70e80ad7
time="2023-01-14T14:30:50+03:00" level=debug msg="created poll with id:63c2926af01fdeaee8105d02" Correlation-ID=ce6257402e108e72e2eaab39578406ca70e80ad7
time="2023-01-14T14:30:50+03:00" level=info msg="get poll from DB" Correlation-ID=ce6257402e108e72e2eaab39578406ca70e80ad7
time="2023-01-14T14:30:50+03:00" level=debug msg="convert id string to ObjectId" Correlation-ID=ce6257402e108e72e2eaab39578406ca70e80ad7
time="2023-01-14T14:30:50+03:00" level=debug msg="start request to db, poll id:63c2926af01fdeaee8105d02" Correlation-ID=ce6257402e108e72e2eaab39578406ca70e80ad7
time="2023-01-14T14:30:50+03:00" level=info msg="finish create poll" Correlation-ID=ce6257402e108e72e2eaab39578406ca70e80ad7
time="2023-01-14T14:30:50+03:00" level=info msg="successfuly created poll" Correlation-ID=ce6257402e108e72e2eaab39578406ca70e80ad7
time="2023-01-14T14:32:41+03:00" level=info msg="successfully unmarshal user input" Correlation-ID=84b8abd5c9c4a4e8db575b692353deb09c150283
time="2023-01-14T14:32:41+03:00" level=info msg="insert data in database complete" Correlation-ID=84b8abd5c9c4a4e8db575b692353deb09c150283
time="2023-01-14T14:32:41+03:00" level=info msg="retirieving _id from InsertedID field complete" Correlation-ID=84b8abd5c9c4a4e8db575b692353deb09c150283
time="2023-01-14T14:32:41+03:00" level=debug msg="created poll with id:63c292d9bbebbf3ef952403d" Correlation-ID=84b8abd5c9c4a4e8db575b692353deb09c150283
time="2023-01-14T14:32:41+03:00" level=info msg="get poll from DB" Correlation-ID=84b8abd5c9c4a4e8db575b692353deb09c150283
time="2023-01-14T14:32:41+03:00" level=debug msg="convert id string to ObjectId" Correlation-ID=84b8abd5c9c4a4e8db575b692353deb09c150283
time="2023-01-14T14:32:41+03:00" level=debug msg="start request to db, poll id:63c292d9bbebbf3ef952403d" Correlation-ID=84b8abd5c9c4a4e8db575b692353deb09c150283
time="2023-01-14T14:32:41+03:00" level=info msg="finish create poll" Correlation-ID=84b8abd5c9c4a4e8db575b692353deb09c150283
time="2023-01-14T14:32:41+03:00" level=info msg="successfuly created poll" Correlation-ID=84b8abd5c9c4a4e8db575b692353deb09c150283
time="2023-01-14T14:41:59+03:00" level=error msg="incorrect input" Correlation-ID=993087c12a89b6f0eb0a529aaad2aea28985e440
time="2023-01-14T14:42:44+03:00" level=info msg="successfully unmarshal user input" Correlation-ID=326ebe4fce0fbecda5bff6d003d869edaa1e79f2
time="2023-01-14T14:42:44+03:00" level=info msg="insert data in database complete" Correlation-ID=326ebe4fce0fbecda5bff6d003d869edaa1e79f2
time="2023-01-14T14:42:44+03:00" level=info msg="retirieving _id from InsertedID field complete" Correlation-ID=326ebe4fce0fbecda5bff6d003d869edaa1e79f2
time="2023-01-14T14:42:44+03:00" level=debug msg="created poll with id:63c29534257f0d1b01f2a097" Correlation-ID=326ebe4fce0fbecda5bff6d003d869edaa1e79f2
time="2023-01-14T14:42:44+03:00" level=info msg="get poll from DB" Correlation-ID=326ebe4fce0fbecda5bff6d003d869edaa1e79f2
time="2023-01-14T14:42:44+03:00" level=debug msg="convert id string to ObjectId" Correlation-ID=326ebe4fce0fbecda5bff6d003d869edaa1e79f2
time="2023-01-14T14:42:44+03:00" level=debug msg="start request to db, poll id:63c29534257f0d1b01f2a097" Correlation-ID=326ebe4fce0fbecda5bff6d003d869edaa1e79f2
time="2023-01-14T14:42:44+03:00" level=info msg="finish create poll" Correlation-ID=326ebe4fce0fbecda5bff6d003d869edaa1e79f2
time="2023-01-14T14:42:44+03:00" level=info msg="successfuly created poll" Correlation-ID=326ebe4fce0fbecda5bff6d003d869edaa1e79f2
time="2023-01-14T14:42:56+03:00" level=info msg="successfully unmarshal user input" Correlation-ID=258a1c2fbf0c9557cbce0e458fc49afc91938d2f
time="2023-01-14T14:42:56+03:00" level=error msg="request does not matched any document" Correlation-ID=258a1c2fbf0c9557cbce0e458fc49afc91938d2f
time="2023-01-14T14:42:56+03:00" level=error msg="document not found" Correlation-ID=258a1c2fbf0c9557cbce0e458fc49afc91938d2f
time="2023-01-14T14:43:28+03:00" level=info msg="successfully unmarshal user input" Correlation-ID=56e46ceec0bb2e90a0bdfac1c8c2d5f4b91547d6
time="2023-01-14T14:43:28+03:00" level=debug msg="MatchedCount: 1ModifiedCount: 1" Correlation-ID=56e46ceec0bb2e90a0bdfac1c8c2d5f4b91547d6
time="2023-01-14T14:43:28+03:00" level=info msg="successfylly voted:&{63c29534257f0d1b01f2a097 63c29534257f0d1b01f2a094}" Correlation-ID=56e46ceec0bb2e90a0bdfac1c8c2d5f4b91547d6
time="2023-01-14T14:44:02+03:00" level=error msg="invalid character '}' looking for beginning of object key string" Correlation-ID=12100d9b2652c431b9d894e0dfce923e53223000
time="2023-01-14T14:44:13+03:00" level=error msg="incorrect input" Correlation-ID=41da1687c0c85cf0584390d4376bf353964f3881
time="2023-01-14T14:44:33+03:00" level=error msg="incorrect input" Correlation-ID=06f497928a5afbfe6ebd9b90599874021fd61094
time="2023-01-14T14:44:38+03:00" level=info msg="successfully unmarshal user input" Correlation-ID=b63bd79d1776b14bc34466e3f7772990fcc7935a
time="2023-01-14T14:44:38+03:00" level=debug msg="convert id string to ObjectId" Correlation-ID=b63bd79d1776b14bc34466e3f7772990fcc7935a
time="2023-01-14T14:44:38+03:00" level=debug msg="start request to db, poll id:63c29534257f0d1b01f2a094" Correlation-ID=b63bd79d1776b14bc34466e3f7772990fcc7935a
time="2023-01-14T14:44:38+03:00" level=error msg="document not found" Correlation-ID=b63bd79d1776b14bc34466e3f7772990fcc7935a
time="2023-01-14T14:44:49+03:00" level=info msg="successfully unmarshal user input" Correlation-ID=fec0cfeda04a02b6f33b6f5da96d1b2e699115f1
time="2023-01-14T14:44:49+03:00" level=debug msg="convert id string to ObjectId" Correlation-ID=fec0cfeda04a02b6f33b6f5da96d1b2e699115f1
time="2023-01-14T14:44:49+03:00" level=debug msg="start request to db, poll id:63c29534257f0d1b01f2a097" Correlation-ID=fec0cfeda04a02b6f33b6f5da96d1b2e699115f1
